<?xml version="1.0" encoding="UTF-8"?>
<testng-results skipped="0" failed="0" ignored="0" total="1" passed="1">
  <reporter-output>
  </reporter-output>
  <suite name="OpenCart TestSuite" duration-ms="11945" started-at="2022-04-29T11:43:43 CEST" finished-at="2022-04-29T11:43:55 CEST">
    <groups>
    </groups>
    <test name="OpenCart Tests" duration-ms="11945" started-at="2022-04-29T11:43:43 CEST" finished-at="2022-04-29T11:43:55 CEST">
      <class name="Tests.CI_DemoTest">
        <test-method status="PASS" signature="setUp()[pri:0, instance:Tests.CI_DemoTest@6b57696f]" name="setUp" is-config="true" duration-ms="7489" started-at="2022-04-29T11:43:43 CEST" finished-at="2022-04-29T11:43:51 CEST">
          <reporter-output>
          </reporter-output>
        </test-method> <!-- setUp -->
        <test-method status="PASS" signature="linkExistence()[pri:0, instance:Tests.CI_DemoTest@6b57696f]" name="linkExistence" duration-ms="184" started-at="2022-04-29T11:43:51 CEST" finished-at="2022-04-29T11:43:51 CEST">
          <reporter-output>
          </reporter-output>
        </test-method> <!-- linkExistence -->
        <test-method status="PASS" signature="teardown()[pri:0, instance:Tests.CI_DemoTest@6b57696f]" name="teardown" is-config="true" duration-ms="4231" started-at="2022-04-29T11:43:51 CEST" finished-at="2022-04-29T11:43:55 CEST">
          <reporter-output>
          </reporter-output>
        </test-method> <!-- teardown -->
      </class> <!-- Tests.CI_DemoTest -->
    </test> <!-- OpenCart Tests -->
  </suite> <!-- OpenCart TestSuite -->
</testng-results>
